Performing C++ SOURCE FILE Test CMAKE_HAVE_LIBC_PTHREAD failed with the following output:
Change Dir: X:/Projects/Portfolio/Databank/build-DataBank-Desktop_Qt_6_7_2_MSVC2019_64bit-Debug/CMakeFiles/CMakeTmp

Run Build Command(s):C:/PROGRA~2/MICROS~2/2019/BuildTools/Common7/IDE/CommonExtensions/Microsoft/CMake/Ninja/ninja.exe cmTC_901d4 && [1/2] Building CXX object CMakeFiles\cmTC_901d4.dir\src.cxx.obj
FAILED: CMakeFiles/cmTC_901d4.dir/src.cxx.obj 
C:\PROGRA~2\MICROS~2\2019\BuildTools\VC\Tools\MSVC\14.29.30133\bin\HostX64\x64\cl.exe  /nologo /TP -DCMAKE_HAVE_LIBC_PTHREAD  -DQT_QML_DEBUG /DWIN32 /D_WINDOWS /W3 /GR /EHsc  /MDd /Zi /Ob0 /Od /RTC1 -std:c++17 /showIncludes /FoCMakeFiles\cmTC_901d4.dir\src.cxx.obj /FdCMakeFiles\cmTC_901d4.dir\ /FS -c X:\Projects\Portfolio\Databank\build-DataBank-Desktop_Qt_6_7_2_MSVC2019_64bit-Debug\CMakeFiles\CMakeTmp\src.cxx
X:\Projects\Portfolio\Databank\build-DataBank-Desktop_Qt_6_7_2_MSVC2019_64bit-Debug\CMakeFiles\CMakeTmp\src.cxx(1): fatal error C1083: Cannot open include file: 'pthread.h': No such file or directory
ninja: build stopped: subcommand failed.


Source file was:
#include <pthread.h>

static void* test_func(void* data)
{
  return data;
}

int main(void)
{
  pthread_t thread;
  pthread_create(&thread, NULL, test_func, NULL);
  pthread_detach(thread);
  pthread_cancel(thread);
  pthread_join(thread, NULL);
  pthread_atfork(NULL, NULL, NULL);
  pthread_exit(NULL);

  return 0;
}

Determining if the function pthread_create exists in the pthreads failed with the following output:
Change Dir: X:/Projects/Portfolio/Databank/build-DataBank-Desktop_Qt_6_7_2_MSVC2019_64bit-Debug/CMakeFiles/CMakeTmp

Run Build Command(s):C:/PROGRA~2/MICROS~2/2019/BuildTools/Common7/IDE/CommonExtensions/Microsoft/CMake/Ninja/ninja.exe cmTC_ccb3a && [1/2] Building CXX object CMakeFiles\cmTC_ccb3a.dir\CheckFunctionExists.cxx.obj
[2/2] Linking CXX executable cmTC_ccb3a.exe
FAILED: cmTC_ccb3a.exe 
cmd.exe /C "cd . && C:\Qt\Tools\CMake_64\bin\cmake.exe -E vs_link_exe --intdir=CMakeFiles\cmTC_ccb3a.dir --rc=C:\PROGRA~2\WI3CF2~1\10\bin\100220~1.0\x64\rc.exe --mt=C:\PROGRA~2\WI3CF2~1\10\bin\100220~1.0\x64\mt.exe --manifests  -- C:\PROGRA~2\MICROS~2\2019\BuildTools\VC\Tools\MSVC\14.29.30133\bin\Hostx64\x64\link.exe /nologo CMakeFiles\cmTC_ccb3a.dir\CheckFunctionExists.cxx.obj  /out:cmTC_ccb3a.exe /implib:cmTC_ccb3a.lib /pdb:cmTC_ccb3a.pdb /version:0.0 /machine:x64  /debug /INCREMENTAL /subsystem:console  pthreads.lib  kernel32.lib user32.lib gdi32.lib winspool.lib shell32.lib ole32.lib oleaut32.lib uuid.lib comdlg32.lib advapi32.lib && cd ."
LINK Pass 1: command "C:\PROGRA~2\MICROS~2\2019\BuildTools\VC\Tools\MSVC\14.29.30133\bin\Hostx64\x64\link.exe /nologo CMakeFiles\cmTC_ccb3a.dir\CheckFunctionExists.cxx.obj /out:cmTC_ccb3a.exe /implib:cmTC_ccb3a.lib /pdb:cmTC_ccb3a.pdb /version:0.0 /machine:x64 /debug /INCREMENTAL /subsystem:console pthreads.lib kernel32.lib user32.lib gdi32.lib winspool.lib shell32.lib ole32.lib oleaut32.lib uuid.lib comdlg32.lib advapi32.lib /MANIFEST /MANIFESTFILE:CMakeFiles\cmTC_ccb3a.dir/intermediate.manifest CMakeFiles\cmTC_ccb3a.dir/manifest.res" failed (exit code 1104) with the following output:
LINK : fatal error LNK1104: cannot open file 'pthreads.lib'
ninja: build stopped: subcommand failed.



Determining if the function pthread_create exists in the pthread failed with the following output:
Change Dir: X:/Projects/Portfolio/Databank/build-DataBank-Desktop_Qt_6_7_2_MSVC2019_64bit-Debug/CMakeFiles/CMakeTmp

Run Build Command(s):C:/PROGRA~2/MICROS~2/2019/BuildTools/Common7/IDE/CommonExtensions/Microsoft/CMake/Ninja/ninja.exe cmTC_1f398 && [1/2] Building CXX object CMakeFiles\cmTC_1f398.dir\CheckFunctionExists.cxx.obj
[2/2] Linking CXX executable cmTC_1f398.exe
FAILED: cmTC_1f398.exe 
cmd.exe /C "cd . && C:\Qt\Tools\CMake_64\bin\cmake.exe -E vs_link_exe --intdir=CMakeFiles\cmTC_1f398.dir --rc=C:\PROGRA~2\WI3CF2~1\10\bin\100220~1.0\x64\rc.exe --mt=C:\PROGRA~2\WI3CF2~1\10\bin\100220~1.0\x64\mt.exe --manifests  -- C:\PROGRA~2\MICROS~2\2019\BuildTools\VC\Tools\MSVC\14.29.30133\bin\Hostx64\x64\link.exe /nologo CMakeFiles\cmTC_1f398.dir\CheckFunctionExists.cxx.obj  /out:cmTC_1f398.exe /implib:cmTC_1f398.lib /pdb:cmTC_1f398.pdb /version:0.0 /machine:x64  /debug /INCREMENTAL /subsystem:console  pthread.lib  kernel32.lib user32.lib gdi32.lib winspool.lib shell32.lib ole32.lib oleaut32.lib uuid.lib comdlg32.lib advapi32.lib && cd ."
LINK Pass 1: command "C:\PROGRA~2\MICROS~2\2019\BuildTools\VC\Tools\MSVC\14.29.30133\bin\Hostx64\x64\link.exe /nologo CMakeFiles\cmTC_1f398.dir\CheckFunctionExists.cxx.obj /out:cmTC_1f398.exe /implib:cmTC_1f398.lib /pdb:cmTC_1f398.pdb /version:0.0 /machine:x64 /debug /INCREMENTAL /subsystem:console pthread.lib kernel32.lib user32.lib gdi32.lib winspool.lib shell32.lib ole32.lib oleaut32.lib uuid.lib comdlg32.lib advapi32.lib /MANIFEST /MANIFESTFILE:CMakeFiles\cmTC_1f398.dir/intermediate.manifest CMakeFiles\cmTC_1f398.dir/manifest.res" failed (exit code 1104) with the following output:
LINK : fatal error LNK1104: cannot open file 'pthread.lib'
ninja: build stopped: subcommand failed.



